[2025-08-28T06:10:53.810+0000] {local_task_job_runner.py:120} INFO - ::group::Pre task execution logs
[2025-08-28T06:10:53.863+0000] {taskinstance.py:2076} INFO - Dependencies all met for dep_context=non-requeueable deps ti=<TaskInstance: contoh_taskgroup_api_santai.gabung_posts_komentar manual__2025-08-28T06:10:33.883027+00:00 [queued]>
[2025-08-28T06:10:53.882+0000] {taskinstance.py:2076} INFO - Dependencies all met for dep_context=requeueable deps ti=<TaskInstance: contoh_taskgroup_api_santai.gabung_posts_komentar manual__2025-08-28T06:10:33.883027+00:00 [queued]>
[2025-08-28T06:10:53.883+0000] {taskinstance.py:2306} INFO - Starting attempt 1 of 2
[2025-08-28T06:10:53.920+0000] {taskinstance.py:2330} INFO - Executing <Task(PythonOperator): gabung_posts_komentar> on 2025-08-28 06:10:33.883027+00:00
[2025-08-28T06:10:53.945+0000] {warnings.py:112} WARNING - /home/***/.local/lib/python3.12/site-packages/***/task/task_runner/standard_task_runner.py:61: DeprecationWarning: This process (pid=920) is multi-threaded, use of fork() may lead to deadlocks in the child.
  pid = os.fork()

[2025-08-28T06:10:53.949+0000] {standard_task_runner.py:63} INFO - Started process 922 to run task
[2025-08-28T06:10:53.949+0000] {standard_task_runner.py:90} INFO - Running: ['***', 'tasks', 'run', 'contoh_taskgroup_api_santai', 'gabung_posts_komentar', 'manual__2025-08-28T06:10:33.883027+00:00', '--job-id', '6', '--raw', '--subdir', 'DAGS_FOLDER/dag.py', '--cfg-path', '/tmp/tmpcaca_yxh']
[2025-08-28T06:10:53.956+0000] {standard_task_runner.py:91} INFO - Job 6: Subtask gabung_posts_komentar
[2025-08-28T06:10:54.082+0000] {task_command.py:426} INFO - Running <TaskInstance: contoh_taskgroup_api_santai.gabung_posts_komentar manual__2025-08-28T06:10:33.883027+00:00 [running]> on host 97ae95ca845c
[2025-08-28T06:10:54.345+0000] {taskinstance.py:2648} INFO - Exporting env vars: AIRFLOW_CTX_DAG_OWNER='gabriel' AIRFLOW_CTX_DAG_ID='contoh_taskgroup_api_santai' AIRFLOW_CTX_TASK_ID='gabung_posts_komentar' AIRFLOW_CTX_EXECUTION_DATE='2025-08-28T06:10:33.883027+00:00' AIRFLOW_CTX_TRY_NUMBER='1' AIRFLOW_CTX_DAG_RUN_ID='manual__2025-08-28T06:10:33.883027+00:00'
[2025-08-28T06:10:54.350+0000] {taskinstance.py:430} INFO - ::endgroup::
[2025-08-28T06:10:54.404+0000] {dag.py:53} INFO - 🎉 File gabungan udah jadi di /opt/***/dags/data/data_api_gabungan.json
[2025-08-28T06:10:54.406+0000] {python.py:237} INFO - Done. Returned value was: /opt/***/dags/data/data_api_gabungan.json
[2025-08-28T06:10:54.407+0000] {taskinstance.py:441} INFO - ::group::Post task execution logs
[2025-08-28T06:10:54.458+0000] {taskinstance.py:1206} INFO - Marking task as SUCCESS. dag_id=contoh_taskgroup_api_santai, task_id=gabung_posts_komentar, run_id=manual__2025-08-28T06:10:33.883027+00:00, execution_date=20250828T061033, start_date=20250828T061053, end_date=20250828T061054
[2025-08-28T06:10:54.533+0000] {local_task_job_runner.py:240} INFO - Task exited with return code 0
[2025-08-28T06:10:54.583+0000] {taskinstance.py:3503} INFO - 1 downstream tasks scheduled from follow-on schedule check
[2025-08-28T06:10:54.587+0000] {local_task_job_runner.py:222} INFO - ::endgroup::
