[2025-08-28T06:17:29.077+0000] {local_task_job_runner.py:120} INFO - ::group::Pre task execution logs
[2025-08-28T06:17:29.128+0000] {taskinstance.py:2076} INFO - Dependencies all met for dep_context=non-requeueable deps ti=<TaskInstance: contoh_taskgroup_api_santai.selesai_bikin_csv manual__2025-08-28T06:17:09.149920+00:00 [queued]>
[2025-08-28T06:17:29.148+0000] {taskinstance.py:2076} INFO - Dependencies all met for dep_context=requeueable deps ti=<TaskInstance: contoh_taskgroup_api_santai.selesai_bikin_csv manual__2025-08-28T06:17:09.149920+00:00 [queued]>
[2025-08-28T06:17:29.150+0000] {taskinstance.py:2306} INFO - Starting attempt 1 of 2
[2025-08-28T06:17:29.183+0000] {taskinstance.py:2330} INFO - Executing <Task(PythonOperator): selesai_bikin_csv> on 2025-08-28 06:17:09.149920+00:00
[2025-08-28T06:17:29.210+0000] {warnings.py:112} WARNING - /home/***/.local/lib/python3.12/site-packages/***/task/task_runner/standard_task_runner.py:61: DeprecationWarning: This process (pid=1011) is multi-threaded, use of fork() may lead to deadlocks in the child.
  pid = os.fork()

[2025-08-28T06:17:29.214+0000] {standard_task_runner.py:63} INFO - Started process 1013 to run task
[2025-08-28T06:17:29.212+0000] {standard_task_runner.py:90} INFO - Running: ['***', 'tasks', 'run', 'contoh_taskgroup_api_santai', 'selesai_bikin_csv', 'manual__2025-08-28T06:17:09.149920+00:00', '--job-id', '13', '--raw', '--subdir', 'DAGS_FOLDER/dag.py', '--cfg-path', '/tmp/tmpwvapmweh']
[2025-08-28T06:17:29.217+0000] {standard_task_runner.py:91} INFO - Job 13: Subtask selesai_bikin_csv
[2025-08-28T06:17:29.358+0000] {task_command.py:426} INFO - Running <TaskInstance: contoh_taskgroup_api_santai.selesai_bikin_csv manual__2025-08-28T06:17:09.149920+00:00 [running]> on host 97ae95ca845c
[2025-08-28T06:17:29.619+0000] {taskinstance.py:2648} INFO - Exporting env vars: AIRFLOW_CTX_DAG_OWNER='gabriel' AIRFLOW_CTX_DAG_ID='contoh_taskgroup_api_santai' AIRFLOW_CTX_TASK_ID='selesai_bikin_csv' AIRFLOW_CTX_EXECUTION_DATE='2025-08-28T06:17:09.149920+00:00' AIRFLOW_CTX_TRY_NUMBER='1' AIRFLOW_CTX_DAG_RUN_ID='manual__2025-08-28T06:17:09.149920+00:00'
[2025-08-28T06:17:29.624+0000] {taskinstance.py:430} INFO - ::endgroup::
[2025-08-28T06:17:29.662+0000] {dag.py:72} INFO - 📂 CSV berhasil dibuat di /opt/***/dags/data/data_api_gabungan.csv
[2025-08-28T06:17:29.664+0000] {python.py:237} INFO - Done. Returned value was: /opt/***/dags/data/data_api_gabungan.csv
[2025-08-28T06:17:29.665+0000] {taskinstance.py:441} INFO - ::group::Post task execution logs
[2025-08-28T06:17:29.721+0000] {taskinstance.py:1206} INFO - Marking task as SUCCESS. dag_id=contoh_taskgroup_api_santai, task_id=selesai_bikin_csv, run_id=manual__2025-08-28T06:17:09.149920+00:00, execution_date=20250828T061709, start_date=20250828T061729, end_date=20250828T061729
[2025-08-28T06:17:29.793+0000] {local_task_job_runner.py:240} INFO - Task exited with return code 0
[2025-08-28T06:17:29.831+0000] {taskinstance.py:3503} INFO - 0 downstream tasks scheduled from follow-on schedule check
[2025-08-28T06:17:29.835+0000] {local_task_job_runner.py:222} INFO - ::endgroup::
