[2025-08-28T06:17:24.009+0000] {local_task_job_runner.py:120} INFO - ::group::Pre task execution logs
[2025-08-28T06:17:24.077+0000] {taskinstance.py:2076} INFO - Dependencies all met for dep_context=non-requeueable deps ti=<TaskInstance: contoh_taskgroup_api_santai.gabung_posts_komentar manual__2025-08-28T06:17:09.149920+00:00 [queued]>
[2025-08-28T06:17:24.108+0000] {taskinstance.py:2076} INFO - Dependencies all met for dep_context=requeueable deps ti=<TaskInstance: contoh_taskgroup_api_santai.gabung_posts_komentar manual__2025-08-28T06:17:09.149920+00:00 [queued]>
[2025-08-28T06:17:24.110+0000] {taskinstance.py:2306} INFO - Starting attempt 1 of 2
[2025-08-28T06:17:24.153+0000] {taskinstance.py:2330} INFO - Executing <Task(PythonOperator): gabung_posts_komentar> on 2025-08-28 06:17:09.149920+00:00
[2025-08-28T06:17:24.174+0000] {warnings.py:112} WARNING - /home/***/.local/lib/python3.12/site-packages/***/task/task_runner/standard_task_runner.py:61: DeprecationWarning: This process (pid=1008) is multi-threaded, use of fork() may lead to deadlocks in the child.
  pid = os.fork()

[2025-08-28T06:17:24.183+0000] {standard_task_runner.py:63} INFO - Started process 1010 to run task
[2025-08-28T06:17:24.180+0000] {standard_task_runner.py:90} INFO - Running: ['***', 'tasks', 'run', 'contoh_taskgroup_api_santai', 'gabung_posts_komentar', 'manual__2025-08-28T06:17:09.149920+00:00', '--job-id', '12', '--raw', '--subdir', 'DAGS_FOLDER/dag.py', '--cfg-path', '/tmp/tmpj6ksqpin']
[2025-08-28T06:17:24.188+0000] {standard_task_runner.py:91} INFO - Job 12: Subtask gabung_posts_komentar
[2025-08-28T06:17:24.355+0000] {task_command.py:426} INFO - Running <TaskInstance: contoh_taskgroup_api_santai.gabung_posts_komentar manual__2025-08-28T06:17:09.149920+00:00 [running]> on host 97ae95ca845c
[2025-08-28T06:17:24.678+0000] {taskinstance.py:2648} INFO - Exporting env vars: AIRFLOW_CTX_DAG_OWNER='gabriel' AIRFLOW_CTX_DAG_ID='contoh_taskgroup_api_santai' AIRFLOW_CTX_TASK_ID='gabung_posts_komentar' AIRFLOW_CTX_EXECUTION_DATE='2025-08-28T06:17:09.149920+00:00' AIRFLOW_CTX_TRY_NUMBER='1' AIRFLOW_CTX_DAG_RUN_ID='manual__2025-08-28T06:17:09.149920+00:00'
[2025-08-28T06:17:24.683+0000] {taskinstance.py:430} INFO - ::endgroup::
[2025-08-28T06:17:24.742+0000] {dag.py:50} INFO - 🎉 File gabungan udah jadi di /opt/***/dags/data/data_api_gabungan.json
[2025-08-28T06:17:24.743+0000] {python.py:237} INFO - Done. Returned value was: /opt/***/dags/data/data_api_gabungan.json
[2025-08-28T06:17:24.744+0000] {taskinstance.py:441} INFO - ::group::Post task execution logs
[2025-08-28T06:17:24.801+0000] {taskinstance.py:1206} INFO - Marking task as SUCCESS. dag_id=contoh_taskgroup_api_santai, task_id=gabung_posts_komentar, run_id=manual__2025-08-28T06:17:09.149920+00:00, execution_date=20250828T061709, start_date=20250828T061724, end_date=20250828T061724
[2025-08-28T06:17:24.891+0000] {local_task_job_runner.py:240} INFO - Task exited with return code 0
[2025-08-28T06:17:24.972+0000] {taskinstance.py:3503} INFO - 1 downstream tasks scheduled from follow-on schedule check
[2025-08-28T06:17:24.978+0000] {local_task_job_runner.py:222} INFO - ::endgroup::
