[2025-08-28T06:10:49.663+0000] {local_task_job_runner.py:120} INFO - ::group::Pre task execution logs
[2025-08-28T06:10:49.707+0000] {taskinstance.py:2076} INFO - Dependencies all met for dep_context=non-requeueable deps ti=<TaskInstance: contoh_taskgroup_api_santai.grup_ambil.ambil_komentar manual__2025-08-28T06:10:33.883027+00:00 [queued]>
[2025-08-28T06:10:49.725+0000] {taskinstance.py:2076} INFO - Dependencies all met for dep_context=requeueable deps ti=<TaskInstance: contoh_taskgroup_api_santai.grup_ambil.ambil_komentar manual__2025-08-28T06:10:33.883027+00:00 [queued]>
[2025-08-28T06:10:49.727+0000] {taskinstance.py:2306} INFO - Starting attempt 1 of 2
[2025-08-28T06:10:49.751+0000] {taskinstance.py:2330} INFO - Executing <Task(PythonOperator): grup_ambil.ambil_komentar> on 2025-08-28 06:10:33.883027+00:00
[2025-08-28T06:10:49.767+0000] {warnings.py:112} WARNING - /home/***/.local/lib/python3.12/site-packages/***/task/task_runner/standard_task_runner.py:61: DeprecationWarning: This process (pid=915) is multi-threaded, use of fork() may lead to deadlocks in the child.
  pid = os.fork()

[2025-08-28T06:10:49.770+0000] {standard_task_runner.py:63} INFO - Started process 919 to run task
[2025-08-28T06:10:49.772+0000] {standard_task_runner.py:90} INFO - Running: ['***', 'tasks', 'run', 'contoh_taskgroup_api_santai', 'grup_ambil.ambil_komentar', 'manual__2025-08-28T06:10:33.883027+00:00', '--job-id', '5', '--raw', '--subdir', 'DAGS_FOLDER/dag.py', '--cfg-path', '/tmp/tmphe4rsroc']
[2025-08-28T06:10:49.777+0000] {standard_task_runner.py:91} INFO - Job 5: Subtask grup_ambil.ambil_komentar
[2025-08-28T06:10:49.906+0000] {task_command.py:426} INFO - Running <TaskInstance: contoh_taskgroup_api_santai.grup_ambil.ambil_komentar manual__2025-08-28T06:10:33.883027+00:00 [running]> on host 97ae95ca845c
[2025-08-28T06:10:50.118+0000] {taskinstance.py:2648} INFO - Exporting env vars: AIRFLOW_CTX_DAG_OWNER='gabriel' AIRFLOW_CTX_DAG_ID='contoh_taskgroup_api_santai' AIRFLOW_CTX_TASK_ID='grup_ambil.ambil_komentar' AIRFLOW_CTX_EXECUTION_DATE='2025-08-28T06:10:33.883027+00:00' AIRFLOW_CTX_TRY_NUMBER='1' AIRFLOW_CTX_DAG_RUN_ID='manual__2025-08-28T06:10:33.883027+00:00'
[2025-08-28T06:10:50.124+0000] {taskinstance.py:430} INFO - ::endgroup::
[2025-08-28T06:10:50.131+0000] {dag.py:28} INFO - 🚀 Lagi ambil data dari https://jsonplaceholder.typicode.com/comments
[2025-08-28T06:10:50.387+0000] {dag.py:35} INFO - ✅ Berhasil nyimpen 500 record ke /opt/***/dags/data/komentar.json
[2025-08-28T06:10:50.392+0000] {python.py:237} INFO - Done. Returned value was: /opt/***/dags/data/komentar.json
[2025-08-28T06:10:50.395+0000] {taskinstance.py:441} INFO - ::group::Post task execution logs
[2025-08-28T06:10:50.450+0000] {taskinstance.py:1206} INFO - Marking task as SUCCESS. dag_id=contoh_taskgroup_api_santai, task_id=grup_ambil.ambil_komentar, run_id=manual__2025-08-28T06:10:33.883027+00:00, execution_date=20250828T061033, start_date=20250828T061049, end_date=20250828T061050
[2025-08-28T06:10:50.510+0000] {local_task_job_runner.py:240} INFO - Task exited with return code 0
[2025-08-28T06:10:50.532+0000] {local_task_job_runner.py:222} INFO - ::endgroup::
